-------------------------------------------------------------------------------
Test set: com.edu.icesi.bugtemplate.toFixTests.NotWorkingTests
-------------------------------------------------------------------------------
Tests run: 1, Failures: 1, Errors: 0, Skipped: 0, Time elapsed: 0.006 s <<< FAILURE! - in com.edu.icesi.bugtemplate.toFixTests.NotWorkingTests
userControllerCallsUserServiceWithCorrectParameters  Time elapsed: 0.001 s  <<< FAILURE!
org.opentest4j.AssertionFailedError: 
	at com.edu.icesi.bugtemplate.toFixTests.NotWorkingTests.userControllerCallsUserServiceWithCorrectParameters(NotWorkingTests.java:13)

