-------------------------------------------------------------------------------
Test set: com.edu.icesi.bugtemplate.workingTests.WorkingUnitTests
-------------------------------------------------------------------------------
<<<<<<< Updated upstream
Tests run: 2, Failures: 2, Errors: 0, Skipped: 0, Time elapsed: 0.2 s <<< FAILURE! - in com.edu.icesi.bugtemplate.workingTests.WorkingUnitTests
phoneNumberShouldBelongToColombia  Time elapsed: 0.196 s  <<< FAILURE!
org.opentest4j.AssertionFailedError: 
	at com.edu.icesi.bugtemplate.workingTests.WorkingUnitTests.phoneNumberShouldBelongToColombia(WorkingUnitTests.java:59)

emailShouldBelongToDomain  Time elapsed: 0.001 s  <<< FAILURE!
=======
Tests run: 2, Failures: 2, Errors: 0, Skipped: 0, Time elapsed: 0.242 s <<< FAILURE! - in com.edu.icesi.bugtemplate.workingTests.WorkingUnitTests
phoneNumberShouldBelongToColombia  Time elapsed: 0.24 s  <<< FAILURE!
org.opentest4j.AssertionFailedError: 
	at com.edu.icesi.bugtemplate.workingTests.WorkingUnitTests.phoneNumberShouldBelongToColombia(WorkingUnitTests.java:59)

emailShouldBelongToDomain  Time elapsed: 0.002 s  <<< FAILURE!
>>>>>>> Stashed changes
org.opentest4j.AssertionFailedError: 
	at com.edu.icesi.bugtemplate.workingTests.WorkingUnitTests.emailShouldBelongToDomain(WorkingUnitTests.java:44)

